0 info it worked if it ends with ok
1 verbose cli [ '/usr/local/bin/node', '/usr/local/bin/npm', 'publish' ]
2 info using npm@1.1.59
3 info using node@v0.8.8
4 verbose publish [ '.' ]
5 verbose read json /home/demon/workspace/pomelo-protobuf/package.json
6 warn package.json pomelo-protobuf@0.1.0 No README.md file found!
7 verbose cache add [ '.', null ]
8 silly cache add name=undefined spec="." args=[".",null]
9 verbose parsed url { pathname: '.', path: '.', href: '.' }
10 silly lockFile 3a52ce78- .
11 verbose lock . /home/demon/.npm/3a52ce78-.lock
12 verbose read json package.json
13 verbose tar pack [ '/home/demon/tmp/npm-14888/1359702496820-0.6833320329897106/tmp.tgz',
13 verbose tar pack   '.' ]
14 verbose tarball /home/demon/tmp/npm-14888/1359702496820-0.6833320329897106/tmp.tgz
15 verbose folder .
16 info prepublish pomelo-protobuf@0.1.0
17 silly lockFile ad341634-96820-0-6833320329897106-tmp-tgz /home/demon/tmp/npm-14888/1359702496820-0.6833320329897106/tmp.tgz
18 verbose lock /home/demon/tmp/npm-14888/1359702496820-0.6833320329897106/tmp.tgz /home/demon/.npm/ad341634-96820-0-6833320329897106-tmp-tgz.lock
19 silly lockFile ad341634-96820-0-6833320329897106-tmp-tgz /home/demon/tmp/npm-14888/1359702496820-0.6833320329897106/tmp.tgz
20 verbose tar unpack /home/demon/tmp/npm-14888/1359702496820-0.6833320329897106/tmp.tgz
21 silly lockFile 88e91e90-96820-0-6833320329897106-package /home/demon/tmp/npm-14888/1359702496820-0.6833320329897106/package
22 verbose lock /home/demon/tmp/npm-14888/1359702496820-0.6833320329897106/package /home/demon/.npm/88e91e90-96820-0-6833320329897106-package.lock
23 silly gunzTarPerm modes [ '777', '666' ]
24 silly gunzTarPerm extractEntry package.json
25 silly gunzTarPerm modified mode [ 'package.json', 436, 438 ]
26 silly gunzTarPerm extractEntry .project
27 silly gunzTarPerm modified mode [ '.project', 436, 438 ]
28 silly gunzTarPerm extractEntry test/stringBufferTest.js
29 silly gunzTarPerm modified mode [ 'test/stringBufferTest.js', 436, 438 ]
30 silly gunzTarPerm extractEntry test/msgEncoderTest.js
31 silly gunzTarPerm modified mode [ 'test/msgEncoderTest.js', 436, 438 ]
32 silly gunzTarPerm extractEntry test/decoderTest.js
33 silly gunzTarPerm modified mode [ 'test/decoderTest.js', 436, 438 ]
34 silly gunzTarPerm extractEntry test/client/encoderTest.js
35 silly gunzTarPerm modified mode [ 'test/client/encoderTest.js', 436, 438 ]
36 silly gunzTarPerm extractEntry test/client/protobufTest.js
37 silly gunzTarPerm modified mode [ 'test/client/protobufTest.js', 436, 438 ]
38 silly gunzTarPerm extractEntry test/protos.json
39 silly gunzTarPerm modified mode [ 'test/protos.json', 436, 438 ]
40 silly gunzTarPerm extractEntry lib/msgEncoder.js
41 silly gunzTarPerm modified mode [ 'lib/msgEncoder.js', 436, 438 ]
42 silly gunzTarPerm extractEntry lib/protoParser.js
43 silly gunzTarPerm modified mode [ 'lib/protoParser.js', 436, 438 ]
44 silly gunzTarPerm extractEntry lib/protobuf.js
45 silly gunzTarPerm modified mode [ 'lib/protobuf.js', 436, 438 ]
46 silly gunzTarPerm extractEntry lib/util.js
47 silly gunzTarPerm modified mode [ 'lib/util.js', 436, 438 ]
48 silly gunzTarPerm extractEntry lib/encoder.js
49 silly gunzTarPerm modified mode [ 'lib/encoder.js', 436, 438 ]
50 silly gunzTarPerm extractEntry lib/msgDecoder.js
51 silly gunzTarPerm modified mode [ 'lib/msgDecoder.js', 436, 438 ]
52 silly gunzTarPerm extractEntry lib/constant.js
53 silly gunzTarPerm modified mode [ 'lib/constant.js', 436, 438 ]
54 silly gunzTarPerm extractEntry lib/client/protobuf.js
55 silly gunzTarPerm modified mode [ 'lib/client/protobuf.js', 436, 438 ]
56 silly gunzTarPerm extractEntry .jshintrc
57 silly gunzTarPerm modified mode [ '.jshintrc', 436, 438 ]
58 verbose read json /home/demon/tmp/npm-14888/1359702496820-0.6833320329897106/package/package.json
59 silly lockFile 88e91e90-96820-0-6833320329897106-package /home/demon/tmp/npm-14888/1359702496820-0.6833320329897106/package
60 verbose from cache /home/demon/tmp/npm-14888/1359702496820-0.6833320329897106/package/package.json
61 verbose tar pack [ '/home/demon/.npm/pomelo-protobuf/0.1.0/package.tgz',
61 verbose tar pack   '/home/demon/tmp/npm-14888/1359702496820-0.6833320329897106/package' ]
62 verbose tarball /home/demon/.npm/pomelo-protobuf/0.1.0/package.tgz
63 verbose folder /home/demon/tmp/npm-14888/1359702496820-0.6833320329897106/package
64 silly lockFile 1a94ccb1-omelo-protobuf-0-1-0-package-tgz /home/demon/.npm/pomelo-protobuf/0.1.0/package.tgz
65 verbose lock /home/demon/.npm/pomelo-protobuf/0.1.0/package.tgz /home/demon/.npm/1a94ccb1-omelo-protobuf-0-1-0-package-tgz.lock
66 silly lockFile 1a94ccb1-omelo-protobuf-0-1-0-package-tgz /home/demon/.npm/pomelo-protobuf/0.1.0/package.tgz
67 silly lockFile 403aafda-pm-pomelo-protobuf-0-1-0-package /home/demon/.npm/pomelo-protobuf/0.1.0/package
68 verbose lock /home/demon/.npm/pomelo-protobuf/0.1.0/package /home/demon/.npm/403aafda-pm-pomelo-protobuf-0-1-0-package.lock
69 silly lockFile 403aafda-pm-pomelo-protobuf-0-1-0-package /home/demon/.npm/pomelo-protobuf/0.1.0/package
70 verbose tar unpack /home/demon/.npm/pomelo-protobuf/0.1.0/package.tgz
71 silly lockFile 403aafda-pm-pomelo-protobuf-0-1-0-package /home/demon/.npm/pomelo-protobuf/0.1.0/package
72 verbose lock /home/demon/.npm/pomelo-protobuf/0.1.0/package /home/demon/.npm/403aafda-pm-pomelo-protobuf-0-1-0-package.lock
73 silly gunzTarPerm modes [ '777', '666' ]
74 silly gunzTarPerm extractEntry package.json
75 silly gunzTarPerm extractEntry .project
76 silly gunzTarPerm extractEntry test/stringBufferTest.js
77 silly gunzTarPerm extractEntry test/msgEncoderTest.js
78 silly gunzTarPerm extractEntry test/decoderTest.js
79 silly gunzTarPerm extractEntry test/client/encoderTest.js
80 silly gunzTarPerm extractEntry test/client/protobufTest.js
81 silly gunzTarPerm extractEntry test/protos.json
82 silly gunzTarPerm extractEntry lib/msgEncoder.js
83 silly gunzTarPerm extractEntry lib/protoParser.js
84 silly gunzTarPerm extractEntry lib/protobuf.js
85 silly gunzTarPerm extractEntry lib/util.js
86 silly gunzTarPerm extractEntry lib/encoder.js
87 silly gunzTarPerm extractEntry lib/msgDecoder.js
88 silly gunzTarPerm extractEntry lib/constant.js
89 silly gunzTarPerm extractEntry lib/client/protobuf.js
90 silly gunzTarPerm extractEntry .jshintrc
91 verbose read json /home/demon/.npm/pomelo-protobuf/0.1.0/package/package.json
92 silly lockFile 403aafda-pm-pomelo-protobuf-0-1-0-package /home/demon/.npm/pomelo-protobuf/0.1.0/package
93 silly shasum updated bytes 8662
94 info shasum 6dc91860c830d7db793922df171a9a6711aa35f3
94 info shasum /home/demon/.npm/pomelo-protobuf/0.1.0/package.tgz
95 verbose from cache /home/demon/.npm/pomelo-protobuf/0.1.0/package/package.json
96 verbose chmod /home/demon/.npm/pomelo-protobuf/0.1.0/package.tgz 666
97 verbose chown /home/demon/.npm/pomelo-protobuf/0.1.0/package.tgz [ 1000, 1000 ]
98 silly lockFile 3a52ce78- .
99 silly publish { name: 'pomelo-protobuf',
99 silly publish   version: '0.1.0',
99 silly publish   main: './lib/protobuf',
99 silly publish   dependencies: {},
99 silly publish   author: { name: 'XiaogangZhang', email: 'zhang0925@gmail.com' },
99 silly publish   devDependencies: { should: '>=0.0.1', mocha: '>=0.0.1' },
99 silly publish   _id: 'pomelo-protobuf@0.1.0',
99 silly publish   readme: 'ERROR: No README.md file found!',
99 silly publish   description: 'ERROR: No README.md file found!',
99 silly publish   dist: { shasum: '6dc91860c830d7db793922df171a9a6711aa35f3' } }
100 verbose url raw pomelo-protobuf
101 verbose url resolving [ 'http://pomelo.com:5984/ntsregistry/_design/app/_rewrite/',
101 verbose url resolving   './pomelo-protobuf' ]
102 verbose url resolved http://pomelo.com:5984/ntsregistry/_design/app/_rewrite/pomelo-protobuf
103 info retry registry request attempt 1 at 15:08:17
104 http PUT http://pomelo.com:5984/ntsregistry/_design/app/_rewrite/pomelo-protobuf
105 http 409 http://pomelo.com:5984/ntsregistry/_design/app/_rewrite/pomelo-protobuf
106 verbose url raw pomelo-protobuf
107 verbose url resolving [ 'http://pomelo.com:5984/ntsregistry/_design/app/_rewrite/',
107 verbose url resolving   './pomelo-protobuf' ]
108 verbose url resolved http://pomelo.com:5984/ntsregistry/_design/app/_rewrite/pomelo-protobuf
109 info retry registry request attempt 1 at 15:08:17
110 http GET http://pomelo.com:5984/ntsregistry/_design/app/_rewrite/pomelo-protobuf
111 http 200 http://pomelo.com:5984/ntsregistry/_design/app/_rewrite/pomelo-protobuf
112 error publish fail Cannot publish over existing version.
112 error publish fail Bump the 'version' field, set the --force flag, or
112 error publish fail     npm unpublish 'pomelo-protobuf@0.1.0'
112 error publish fail and try again
113 error System Linux 3.2.0-29-generic
114 error command "/usr/local/bin/node" "/usr/local/bin/npm" "publish"
115 error cwd /home/demon/workspace/pomelo-protobuf
116 error node -v v0.8.8
117 error npm -v 1.1.59
118 error code EPUBLISHCONFLICT
119 verbose exit [ 1, true ]
